2025-03-07 20:41:06,312 - INFO - Variables d'environnement chargées depuis .env
2025-03-07 20:41:06,313 - INFO - === VÉRIFICATION DU SYSTÈME GBPBOT ===
2025-03-07 20:41:06,313 - INFO - 
--- Vérification: Version Python ---
2025-03-07 20:41:06,313 - INFO - Version Python: 3.11.4
2025-03-07 20:41:06,343 - INFO - 
--- Vérification: Dépendances critiques ---
2025-03-07 20:41:08,295 - ERROR - Dépendances manquantes: python-dotenv
2025-03-07 20:41:08,295 - INFO - Exécutez: pip install -r requirements.txt
2025-03-07 20:41:08,297 - INFO - 
--- Vérification: Dépendances optionnelles ---
2025-03-07 20:42:35,264 - WARNING - Dépendances optionnelles manquantes: torch, tensorflow, scikit-learn, streamlit
2025-03-07 20:42:35,267 - INFO - 
--- Vérification: Connexions Blockchain ---
2025-03-07 20:42:35,402 - INFO - Connexion RPC Solana OK
2025-03-07 20:42:35,402 - INFO - Connexion RPC Avalanche OK
2025-03-07 20:42:35,402 - ERROR - Erreur de connexion RPC Sonic: HTTPSConnectionPool(host='mainnet.sonic.ooo', port=443): Max retries exceeded with url: /rpc (Caused by NameResolutionError("<urllib3.connection.HTTPSConnection object at 0x00000214671DFD90>: Failed to resolve 'mainnet.sonic.ooo' ([Errno 11001] getaddrinfo failed)"))
2025-03-07 20:42:35,404 - INFO - 
--- Vérification: Permissions de stockage ---
2025-03-07 20:42:35,405 - INFO - Permissions d'écriture OK pour: logs/
2025-03-07 20:42:35,406 - INFO - Permissions d'écriture OK pour: data/
2025-03-07 20:42:35,407 - INFO - Permissions d'écriture OK pour: config/
2025-03-07 20:42:35,409 - INFO - 
--- Vérification: Capacités GPU ---
2025-03-07 20:42:35,410 - INFO - TensorFlow non installé, vérification GPU ignorée.
2025-03-07 20:42:35,411 - INFO - 
--- Vérification des variables d'environnement ---
2025-03-07 20:42:35,421 - INFO - Résultats sauvegardés dans C:\GBPBot\logs\system_check_results_20250307_204235.json
2025-03-07 20:42:35,421 - INFO - 
=== RÉSUMÉ DE LA VÉRIFICATION ===
